<?xml version='1.0' encoding='UTF-8'?>
<testsuite hostname="hosokitakatoyonoMacBook-Air.local" name="YylexTest" tests="12" errors="0" failures="0" skipped="0" time="0.1" timestamp="2019-12-05T18:05:02">
                     <properties>
[...]
</properties>
                     <testcase classname="YylexTest" name="10 should 整数" time="0.052">
                                                 
                                               </testcase><testcase classname="YylexTest" name="0 should 整数" time="0.009">
                                                 
                                               </testcase><testcase classname="YylexTest" name="識別子 should 正しい字句解析" time="0.003">
                                                 
                                               </testcase><testcase classname="YylexTest" name="トークンif should 正しい字句解析" time="0.003">
                                                 
                                               </testcase><testcase classname="YylexTest" name="if0 should 識別子" time="0.013">
                                                 
                                               </testcase><testcase classname="YylexTest" name="34 should 正しい字句解析" time="0.003">
                                                 
                                               </testcase><testcase classname="YylexTest" name="1234 should 正しい字句解析" time="0.002">
                                                 
                                               </testcase><testcase classname="YylexTest" name=" should 正しい字句解析" time="0.002">
                                                 
                                               </testcase><testcase classname="YylexTest" name="`if` should 識別子" time="0.003">
                                                 
                                               </testcase><testcase classname="YylexTest" name="`abc` should 識別子" time="0.003">
                                                 
                                               </testcase><testcase classname="YylexTest" name="`if0` should 識別子" time="0.002">
                                                 
                                               </testcase><testcase classname="YylexTest" name="012 should エラー" time="0.005">
                                                 
                                               </testcase>
                     <system-out><![CDATA[]]></system-out>
                     <system-err><![CDATA[]]></system-err>
                   </testsuite>