<?xml version='1.0' encoding='UTF-8'?>
<testsuite hostname="hosokitoyonoAir" name="ParserNonscalaTest" tests="24" errors="0" failures="0" skipped="0" time="0.433" timestamp="2019-12-14T16:38:35">
                     <properties>
[...]
</properties>
                     <testcase classname="ParserNonscalaTest" name="+ should 左に強く結合" time="0.168">
                                                 
                                               </testcase><testcase classname="ParserNonscalaTest" name="- should 左に強く結合" time="0.006">
                                                 
                                               </testcase><testcase classname="ParserNonscalaTest" name="* should 左に強く結合" time="0.006">
                                                 
                                               </testcase><testcase classname="ParserNonscalaTest" name="/ should 左に強く結合" time="0.051">
                                                 
                                               </testcase><testcase classname="ParserNonscalaTest" name="() should 正しく結合" time="0.009">
                                                 
                                               </testcase><testcase classname="ParserNonscalaTest" name="*,+ should *の方が強く結合" time="0.03">
                                                 
                                               </testcase><testcase classname="ParserNonscalaTest" name="+,-,*,/ should *,/の方が強く結合" time="0.004">
                                                 
                                               </testcase><testcase classname="ParserNonscalaTest" name="カッコの中に*と+ should 上の規則を適用" time="0.008">
                                                 
                                               </testcase><testcase classname="ParserNonscalaTest" name="算術式 should 項としてNilを含む" time="0.005">
                                                 
                                               </testcase><testcase classname="ParserNonscalaTest" name=":: should 右に強く結合" time="0.055">
                                                 
                                               </testcase><testcase classname="ParserNonscalaTest" name="List should 最後の要素はNilでなくても良い" time="0.002">
                                                 
                                               </testcase><testcase classname="ParserNonscalaTest" name="List should 途中の要素にNil" time="0.011">
                                                 
                                               </testcase><testcase classname="ParserNonscalaTest" name="::と算術式 should 算術式を優先" time="0.003">
                                                 
                                               </testcase><testcase classname="ParserNonscalaTest" name="if文と== should" time="0.005">
                                                 
                                               </testcase><testcase classname="ParserNonscalaTest" name="if文と&lt; should" time="0.012">
                                                 
                                               </testcase><testcase classname="ParserNonscalaTest" name="if文のネスト should" time="0.003">
                                                 
                                               </testcase><testcase classname="ParserNonscalaTest" name="isEmpty should" time="0.008">
                                                 
                                               </testcase><testcase classname="ParserNonscalaTest" name="head should" time="0.002">
                                                 
                                               </testcase><testcase classname="ParserNonscalaTest" name="tail should" time="0.004">
                                                 
                                               </testcase><testcase classname="ParserNonscalaTest" name="関数適用 should" time="0.007">
                                                 
                                               </testcase><testcase classname="ParserNonscalaTest" name="関数定義 should" time="0.018">
                                                 
                                               </testcase><testcase classname="ParserNonscalaTest" name="examples: insert should" time="0.013">
                                                 
                                               </testcase><testcase classname="ParserNonscalaTest" name="examples: maxmin should" time="0.001">
                                                 
                                               </testcase><testcase classname="ParserNonscalaTest" name="examples: sort should" time="0.002">
                                                 
                                               </testcase>
                     <system-out><![CDATA[]]></system-out>
                     <system-err><![CDATA[]]></system-err>
                   </testsuite>